38
162 14
1120 1107 1108 1109 1110 1111 1112 1113 1114 1115 1116 1117 1118 1119
8081 14
25569 8130 40230 35500 25135 42901 42902 42903 42904 42905 42906 42907 42908 42909
3402 13
20963 20964 20965 20966 20967 20968 20969 20970 20971 20972 20973 5075 12982
5525 13
31808 31809 31810 31811 27552 31812 31813 24455 26417 31803 31805 31806 31807
6039 13
324 13964 32844 11340 34227 6900 34229 34230 34231 34232 34233 34234 7675
6550 13
31269 23847 26925 26863 22576 36497 36498 36499 36500 36501 36502 23004 4253
7734 13
21153 21571 41510 41511 41512 41513 41514 41515 13385 23756 41516 16180 4284
8540 13
44707 44708 44709 44710 44711 44712 44713 29596 17452 17616 39123 2873 27996
8830 13
45792 45793 45794 14503 45789 14569 43019 5840 26770 13498 11165 45790 45791
9781 13
41280 49124 49125 49126 49127 34600 40904 20362 49128 12368 2390 45656 42972
11518 13
49635 42470 28555 37327 3409 29267 4116 9622 23256 54652 54653 54654 54655
11786 13
53505 46631 55403 55404 45837 55405 26670 38898 41586 45560 12252 50813 6879
14888 13
41186 24038 62985 62986 62987 2987 62988 62989 39501 53011 15476 34680 10200
15139 13
42144 17186 55492 23372 63505 54993 63507 60435 63508 63509 36767 34650 18367
15709 13
50947 64679 64680 64681 32266 58185 24617 64682 64683 4368 36182 54329 61853
16352 13
65892 65893 65894 65895 65896 22095 60660 85 60055 38425 42266 19964 50653
16630 13
66406 66407 66408 43306 41261 9069 47280 14033 52978 30162 54969 39132 31423
17443 13
67680 16321 67681 22411 12011 2254 46674 37331 65012 37498 2940 67678 67679
17737 13
15936 48066 2883 1210 12236 13492 27125 45813 58808 56858 68156 68157 68158
17835 13
26016 41313 26338 64579 66819 68305 68306 68307 68308 68309 60758 61307 30014
18430 13
1253 20391 64232 56778 56366 69169 69170 69171 65555 69172 33362 54293 19387
20307 13
44035 71556 71555 26437 71557 55657 34508 27055 59472 63415 57912 25403 17631
20559 13
71833 22277 53319 5640 50504 61994 24812 69135 65040 71832 67321 33724 13373
20755 13
20128 72065 64417 29312 51593 51468 20365 58515 34547 63283 43606 69662 55903
20827 13
47840 69797 31625 72140 72141 57135 35508 45814 22680 2521 43064 51835 38364
21067 13
11238 23337 72407 46507 27184 48689 41940 47958 26551 24345 35866 66685 14782
22086 13
38179 73478 73479 42919 63466 65963 9196 19821 12431 51856 51217 25555 51352
22384 13
69892 49095 14151 43455 34026 42859 65871 61808 53393 73755 70492 14462 9375
22759 13
6883 47717 2149 21863 1097 38156 60624 74104 17529 56634 69820 49662 36255
23662 13
53664 71553 5986 66180 42757 51526 67881 67882 40144 74833 74834 23124 122
23907 13
51969 73895 54503 31917 45551 31984 59058 75027 17619 75028 43542 59996 40573
25430 13
76097 54597 53547 34381 58031 6896 60817 880 37079 67865 49979 72572 71710
26084 13
40036 61321 38122 524 27660 51532 38701 58484 59510 27227 76509 9310 24895
26141 13
76544 72737 69697 5605 13862 50655 46925 68304 51794 72851 31544 64762 76543
27372 13
1089 77250 62627 22309 4391 63116 75853 16719 65744 32307 74584 63129 18527
28646 13
77920 1921 5314 9059 60612 26937 23879 23817 65364 74489 76921 7067 9053
29848 13
58849 78524 14247 33352 45576 53832 70408 17260 72153 76698 72732 75998 37343
616 12
4132 4133 4134 4135 4136 4137 4138 4139 4140 4141 4142 4143
